{"/Users/yhtml5/projects/gits/axios-plugins/dist/index.js":{"path":"/Users/yhtml5/projects/gits/axios-plugins/dist/index.js","s":{"1":1,"2":1,"3":1,"4":1},"b":{},"f":{"1":1},"fnMap":{"1":{"name":"add","line":3,"loc":{"start":{"line":3,"column":0},"end":{"line":3,"column":19}}}},"statementMap":{"1":{"start":{"line":2,"column":0},"end":{"line":2,"column":62}},"2":{"start":{"line":3,"column":0},"end":{"line":5,"column":1}},"3":{"start":{"line":4,"column":4},"end":{"line":4,"column":17}},"4":{"start":{"line":6,"column":0},"end":{"line":6,"column":18}}},"branchMap":{}}}